info it worked if it ends with ok
verbose cli [ 'node', '/usr/bin/npm', 'install' ]
info using npm@1.1.0-beta-7
info using node@v0.6.6
verbose config file /home/meatcar/.npmrc
verbose config file /usr/etc/npmrc
verbose config file /usr/lib/node_modules/npm/npmrc
verbose caching /media/ward/Dev/www/dev/jscript/node/expr/package.json
verbose loadDefaults application-name@0.0.1
verbose where, deps [ '/media/ward/Dev/www/dev/jscript/node/expr',
verbose where, deps   [ 'express', 'jade' ] ]
verbose from cache /media/ward/Dev/www/dev/jscript/node/expr/package.json
info preinstall application-name@0.0.1
verbose caching /media/ward/Dev/www/dev/jscript/node/expr/node_modules/express/package.json
verbose loadDefaults express@2.5.4
verbose from cache /media/ward/Dev/www/dev/jscript/node/expr/package.json
verbose into /media/ward/Dev/www/dev/jscript/node/expr [ 'express@2.5.4', 'jade@>= 0.0.1' ]
verbose from cache /media/ward/Dev/www/dev/jscript/node/expr/node_modules/express/package.json
verbose already installed in /media/ward/Dev/www/dev/jscript/node/expr skipping express@2.5.4
verbose cache add jade@>= 0.0.1
verbose cache add [ 'jade@>= 0.0.1', null ]
silly cache add: name, spec, args [ undefined, 'jade@>= 0.0.1', [ 'jade@>= 0.0.1', null ] ]
verbose parsed url { pathname: 'jade@', path: 'jade@', href: 'jade@' }
silly cache add: name, spec, args [ 'jade', '>= 0.0.1', [ 'jade', '>= 0.0.1' ] ]
verbose parsed url { pathname: '=', path: '=', href: '=' }
verbose addNamed [ 'jade', '>= 0.0.1' ]
verbose addNamed [ null, '>=0.0.1' ]
silly name, range, hasData [ 'jade', '>=0.0.1', false ]
verbose raw, before any munging jade
verbose url resolving [ 'https://registry.npmjs.org/', './jade' ]
verbose url resolved https://registry.npmjs.org/jade
verbose etag "D219SOJB1U8O3KDVRJQV5JIAZ"
http GET https://registry.npmjs.org/jade
http 304 https://registry.npmjs.org/jade
silly get cb [ 304,
silly get cb   { server: 'CouchDB/1.1.0 (Erlang OTP/R14B04)',
silly get cb     etag: '"D219SOJB1U8O3KDVRJQV5JIAZ"',
silly get cb     date: 'Wed, 04 Jan 2012 19:29:15 GMT',
silly get cb     'content-length': '0' } ]
verbose etag jade from cache
silly name, range, hasData 2 [ 'jade', '>=0.0.1', true ]
silly versions [ 'jade',
silly versions   [ '0.0.1',
silly versions     '0.0.2',
silly versions     '0.1.0',
silly versions     '0.2.0',
silly versions     '0.2.1',
silly versions     '0.2.2',
silly versions     '0.2.3',
silly versions     '0.2.4',
silly versions     '0.3.0',
silly versions     '0.4.0',
silly versions     '0.4.1',
silly versions     '0.5.0',
silly versions     '0.5.1',
silly versions     '0.5.2',
silly versions     '0.5.3',
silly versions     '0.5.4',
silly versions     '0.5.5',
silly versions     '0.5.6',
silly versions     '0.5.7',
silly versions     '0.6.0',
silly versions     '0.6.1',
silly versions     '0.6.3',
silly versions     '0.7.0',
silly versions     '0.7.1',
silly versions     '0.8.0',
silly versions     '0.8.1',
silly versions     '0.8.2',
silly versions     '0.8.3',
silly versions     '0.8.4',
silly versions     '0.8.5',
silly versions     '0.8.6',
silly versions     '0.8.7',
silly versions     '0.8.8',
silly versions     '0.8.9',
silly versions     '0.9.0',
silly versions     '0.9.1',
silly versions     '0.9.2',
silly versions     '0.9.3',
silly versions     '0.10.0',
silly versions     '0.10.1',
silly versions     '0.10.2',
silly versions     '0.10.3',
silly versions     '0.10.4',
silly versions     '0.10.5',
silly versions     '0.10.6',
silly versions     '0.10.7',
silly versions     '0.11.0',
silly versions     '0.11.1',
silly versions     '0.12.0',
silly versions     '0.12.1',
silly versions     '0.12.2',
silly versions     '0.12.3',
silly versions     '0.12.4',
silly versions     '0.13.0',
silly versions     '0.14.0',
silly versions     '0.14.1',
silly versions     '0.14.2',
silly versions     '0.15.0',
silly versions     '0.15.1',
silly versions     '0.15.2',
silly versions     '0.15.3',
silly versions     '0.15.4',
silly versions     '0.16.0',
silly versions     '0.16.1',
silly versions     '0.16.2',
silly versions     '0.16.3',
silly versions     '0.16.4',
silly versions     '0.17.0',
silly versions     '0.18.0',
silly versions     '0.19.0',
silly versions     '0.20.0' ] ]
verbose bin dist [ '0.6-ares1.7.5-DEV-evundefined-openssl1.0.0e-v83.6.6.14-linux-ia32-3.1.0-4-ARCH',
verbose bin dist   { shasum: '2c8f3742bcf87dc49c88e505c01f72563d1fcf2e',
verbose bin dist     tarball: 'http://registry.npmjs.org/jade/-/jade-0.20.0.tgz' } ]
verbose caching /home/meatcar/.npm/jade/0.20.0/package/package.json
verbose loadDefaults jade@0.20.0
silly resolved [ { name: 'jade',
silly resolved     description: 'Jade template engine',
silly resolved     version: '0.20.0',
silly resolved     author: { name: 'TJ Holowaychuk', email: 'tj@vision-media.ca' },
silly resolved     repository: { type: 'git', url: 'git://github.com/visionmedia/jade.git' },
silly resolved     main: './index.js',
silly resolved     bin: { jade: './bin/jade' },
silly resolved     dependencies: { commander: '0.2.x', mkdirp: '>= 0.0.7' },
silly resolved     devDependencies: 
silly resolved      { mocha: '*',
silly resolved        'coffee-script': '>= 0.0.1',
silly resolved        markdown: '>= 0.0.1',
silly resolved        stylus: '>= 0.0.1',
silly resolved        uubench: '0.0.1',
silly resolved        'uglify-js': '>= 1.0.7' },
silly resolved     scripts: { prepublish: 'npm prune' },
silly resolved     engines: { node: '>= 0.1.98' },
silly resolved     _id: 'jade@0.20.0',
silly resolved     _engineSupported: true,
silly resolved     _npmVersion: '1.1.0-beta-7',
silly resolved     _nodeVersion: 'v0.6.6',
silly resolved     _defaultsLoaded: true } ]
info into /media/ward/Dev/www/dev/jscript/node/expr jade@0.20.0
info installOne jade@0.20.0
info unbuild /media/ward/Dev/www/dev/jscript/node/expr/node_modules/jade
verbose from cache /home/meatcar/.npm/jade/0.20.0/package/package.json
verbose mkdir (expected) error ENOENT, no such file or directory '/media/ward/Dev/www/dev/jscript/node/expr/node_modules/___jade.npm'
verbose mkdir done: /media/ward/Dev/www/dev/jscript/node/expr/node_modules/___jade.npm 755
verbose unpack_ uid, gid [ undefined, undefined ]
verbose unpackTarget /media/ward/Dev/www/dev/jscript/node/expr/node_modules/jade
silly gunzTarPerm modes [ '755', '644' ]
silly afterUntar undefined
silly asyncMap in gTP /media/ward/Dev/www/dev/jscript/node/expr/node_modules/___jade.npm/package
silly asyncMap in gTP /media/ward/Dev/www/dev/jscript/node/expr/node_modules/___jade.npm/package/.npmignore
silly asyncMap in gTP /media/ward/Dev/www/dev/jscript/node/expr/node_modules/___jade.npm/package/.gitmodules
silly asyncMap in gTP /media/ward/Dev/www/dev/jscript/node/expr/node_modules/___jade.npm/package/.travis.yml
silly asyncMap in gTP /media/ward/Dev/www/dev/jscript/node/expr/node_modules/___jade.npm/package/jade.js
silly asyncMap in gTP /media/ward/Dev/www/dev/jscript/node/expr/node_modules/___jade.npm/package/History.md
silly asyncMap in gTP /media/ward/Dev/www/dev/jscript/node/expr/node_modules/___jade.npm/package/index.js
silly asyncMap in gTP /media/ward/Dev/www/dev/jscript/node/expr/node_modules/___jade.npm/package/Makefile
silly asyncMap in gTP /media/ward/Dev/www/dev/jscript/node/expr/node_modules/___jade.npm/package/LICENSE
silly asyncMap in gTP /media/ward/Dev/www/dev/jscript/node/expr/node_modules/___jade.npm/package/jade.min.js
silly asyncMap in gTP /media/ward/Dev/www/dev/jscript/node/expr/node_modules/___jade.npm/package/runtime.js
silly asyncMap in gTP /media/ward/Dev/www/dev/jscript/node/expr/node_modules/___jade.npm/package/Readme.md
silly asyncMap in gTP /media/ward/Dev/www/dev/jscript/node/expr/node_modules/___jade.npm/package/package.json
silly asyncMap in gTP /media/ward/Dev/www/dev/jscript/node/expr/node_modules/___jade.npm/package/runtime.min.js
silly asyncMap in gTP /media/ward/Dev/www/dev/jscript/node/expr/node_modules/___jade.npm/package/bin
silly asyncMap in gTP /media/ward/Dev/www/dev/jscript/node/expr/node_modules/___jade.npm/package/bin/jade
silly asyncMap in gTP /media/ward/Dev/www/dev/jscript/node/expr/node_modules/___jade.npm/package/testing
silly asyncMap in gTP /media/ward/Dev/www/dev/jscript/node/expr/node_modules/___jade.npm/package/testing/index.js
silly asyncMap in gTP /media/ward/Dev/www/dev/jscript/node/expr/node_modules/___jade.npm/package/testing/head.jade
silly asyncMap in gTP /media/ward/Dev/www/dev/jscript/node/expr/node_modules/___jade.npm/package/testing/index.jade
silly asyncMap in gTP /media/ward/Dev/www/dev/jscript/node/expr/node_modules/___jade.npm/package/testing/user.jade
silly asyncMap in gTP /media/ward/Dev/www/dev/jscript/node/expr/node_modules/___jade.npm/package/testing/layout.jade
silly asyncMap in gTP /media/ward/Dev/www/dev/jscript/node/expr/node_modules/___jade.npm/package/lib
silly asyncMap in gTP /media/ward/Dev/www/dev/jscript/node/expr/node_modules/___jade.npm/package/lib/compiler.js
silly asyncMap in gTP /media/ward/Dev/www/dev/jscript/node/expr/node_modules/___jade.npm/package/lib/index.js
silly asyncMap in gTP /media/ward/Dev/www/dev/jscript/node/expr/node_modules/___jade.npm/package/lib/doctypes.js
silly asyncMap in gTP /media/ward/Dev/www/dev/jscript/node/expr/node_modules/___jade.npm/package/lib/jade.js
silly asyncMap in gTP /media/ward/Dev/www/dev/jscript/node/expr/node_modules/___jade.npm/package/lib/filters.js
silly asyncMap in gTP /media/ward/Dev/www/dev/jscript/node/expr/node_modules/___jade.npm/package/lib/parser.js
silly asyncMap in gTP /media/ward/Dev/www/dev/jscript/node/expr/node_modules/___jade.npm/package/lib/inline-tags.js
silly asyncMap in gTP /media/ward/Dev/www/dev/jscript/node/expr/node_modules/___jade.npm/package/lib/utils.js
silly asyncMap in gTP /media/ward/Dev/www/dev/jscript/node/expr/node_modules/___jade.npm/package/lib/self-closing.js
silly asyncMap in gTP /media/ward/Dev/www/dev/jscript/node/expr/node_modules/___jade.npm/package/lib/runtime.js
silly asyncMap in gTP /media/ward/Dev/www/dev/jscript/node/expr/node_modules/___jade.npm/package/lib/lexer.js
silly asyncMap in gTP /media/ward/Dev/www/dev/jscript/node/expr/node_modules/___jade.npm/package/lib/nodes
silly asyncMap in gTP /media/ward/Dev/www/dev/jscript/node/expr/node_modules/___jade.npm/package/lib/nodes/block-comment.js
silly asyncMap in gTP /media/ward/Dev/www/dev/jscript/node/expr/node_modules/___jade.npm/package/lib/nodes/block.js
silly asyncMap in gTP /media/ward/Dev/www/dev/jscript/node/expr/node_modules/___jade.npm/package/lib/nodes/case.js
silly asyncMap in gTP /media/ward/Dev/www/dev/jscript/node/expr/node_modules/___jade.npm/package/lib/nodes/comment.js
silly asyncMap in gTP /media/ward/Dev/www/dev/jscript/node/expr/node_modules/___jade.npm/package/lib/nodes/doctype.js
silly asyncMap in gTP /media/ward/Dev/www/dev/jscript/node/expr/node_modules/___jade.npm/package/lib/nodes/code.js
silly asyncMap in gTP /media/ward/Dev/www/dev/jscript/node/expr/node_modules/___jade.npm/package/lib/nodes/filter.js
silly asyncMap in gTP /media/ward/Dev/www/dev/jscript/node/expr/node_modules/___jade.npm/package/lib/nodes/index.js
silly asyncMap in gTP /media/ward/Dev/www/dev/jscript/node/expr/node_modules/___jade.npm/package/lib/nodes/node.js
silly asyncMap in gTP /media/ward/Dev/www/dev/jscript/node/expr/node_modules/___jade.npm/package/lib/nodes/mixin.js
silly asyncMap in gTP /media/ward/Dev/www/dev/jscript/node/expr/node_modules/___jade.npm/package/lib/nodes/literal.js
silly asyncMap in gTP /media/ward/Dev/www/dev/jscript/node/expr/node_modules/___jade.npm/package/lib/nodes/each.js
silly asyncMap in gTP /media/ward/Dev/www/dev/jscript/node/expr/node_modules/___jade.npm/package/lib/nodes/text.js
silly asyncMap in gTP /media/ward/Dev/www/dev/jscript/node/expr/node_modules/___jade.npm/package/lib/nodes/tag.js
silly chmod .npmignore 755
silly chmod package 755
silly chmod .gitmodules 755
silly chmod .travis.yml 755
silly chmod LICENSE 755
silly chmod History.md 755
silly chmod Readme.md 755
silly chmod index.js 755
silly chmod runtime.js 755
silly chmod Makefile 755
silly chmod bin 755
silly chmod jade 755
silly chmod jade.min.js 755
silly chmod runtime.min.js 755
silly chmod package.json 755
silly chmod index.js 755
silly chmod user.jade 755
silly chmod head.jade 755
silly chmod index.jade 755
silly chmod testing 755
silly chmod compiler.js 755
silly chmod lib 755
silly chmod jade.js 755
silly chmod parser.js 755
silly chmod layout.jade 755
silly chmod doctypes.js 755
silly chmod self-closing.js 755
silly chmod inline-tags.js 755
silly chmod utils.js 755
silly chmod nodes 755
silly chmod filters.js 755
silly chmod block.js 755
silly chmod lexer.js 755
silly chmod comment.js 755
silly chmod block-comment.js 755
silly chmod runtime.js 755
silly chmod doctype.js 755
silly chmod index.js 755
silly chmod case.js 755
silly chmod code.js 755
silly chmod literal.js 755
silly chmod mixin.js 755
silly chmod node.js 755
silly chmod text.js 755
silly chmod tag.js 755
silly chmod filter.js 755
silly chmod each.js 755
silly chmod jade.js 755
verbose gunzed /media/ward/Dev/www/dev/jscript/node/expr/node_modules/___jade.npm/package
verbose rm'ed /media/ward/Dev/www/dev/jscript/node/expr/node_modules/jade
verbose renamed [ '/media/ward/Dev/www/dev/jscript/node/expr/node_modules/___jade.npm/package',
verbose renamed   '/media/ward/Dev/www/dev/jscript/node/expr/node_modules/jade' ]
ERR! error installing jade@0.20.0
info unbuild /media/ward/Dev/www/dev/jscript/node/expr/node_modules/jade
ERR! error rolling back jade@0.20.0 Error: UNKNOWN, unknown error '/media/ward/Dev/www/dev/jscript/node/expr/node_modules/jade'
verbose installOne cb jade@0.20.0
ERR! Error: ENOENT, no such file or directory '/media/ward/Dev/www/dev/jscript/node/expr/node_modules/jade/package.json'
ERR! Report this *entire* log at:
ERR!     <http://github.com/isaacs/npm/issues>
ERR! or email it to:
ERR!     <npm-@googlegroups.com>
ERR! 
ERR! System Linux 3.1.0-4-ARCH
ERR! command "node" "/usr/bin/npm" "install"
ERR! cwd /media/ward/Dev/www/dev/jscript/node/expr
ERR! node -v v0.6.6
ERR! npm -v 1.1.0-beta-7
ERR! path /media/ward/Dev/www/dev/jscript/node/expr/node_modules/jade/package.json
ERR! code ENOENT
ERR! message ENOENT, no such file or directory '/media/ward/Dev/www/dev/jscript/node/expr/node_modules/jade/package.json'
verbose exit [ 1, true ]
